<?xml version="1.0" encoding="UTF-8"?>
<testng-results ignored="0" total="3" passed="3" failed="0" skipped="0">
  <reporter-output>
  </reporter-output>
  <suite started-at="2021-08-09T23:58:35 IST" name="Default suite" finished-at="2021-08-09T23:59:15 IST" duration-ms="39984">
    <groups>
    </groups>
    <test started-at="2021-08-09T23:58:35 IST" name="Default test" finished-at="2021-08-09T23:59:15 IST" duration-ms="39984">
      <class name="Tests.AboutUsTest">
        <test-method is-config="true" signature="setUp()[pri:0, instance:Tests.AboutUsTest@6a84a97d]" started-at="2021-08-09T23:58:35 IST" name="setUp" finished-at="2021-08-09T23:59:06 IST" duration-ms="30916" status="PASS">
          <reporter-output>
          </reporter-output>
        </test-method> <!-- setUp -->
        <test-method signature="test1()[pri:0, instance:Tests.AboutUsTest@6a84a97d]" started-at="2021-08-09T23:59:06 IST" name="test1" finished-at="2021-08-09T23:59:12 IST" duration-ms="6137" status="PASS">
          <reporter-output>
          </reporter-output>
        </test-method> <!-- test1 -->
        <test-method signature="test2()[pri:0, instance:Tests.AboutUsTest@6a84a97d]" started-at="2021-08-09T23:59:12 IST" name="test2" finished-at="2021-08-09T23:59:14 IST" duration-ms="2034" status="PASS">
          <reporter-output>
          </reporter-output>
        </test-method> <!-- test2 -->
        <test-method signature="test3()[pri:0, instance:Tests.AboutUsTest@6a84a97d]" started-at="2021-08-09T23:59:14 IST" name="test3" finished-at="2021-08-09T23:59:14 IST" duration-ms="102" status="PASS">
          <reporter-output>
          </reporter-output>
        </test-method> <!-- test3 -->
        <test-method is-config="true" signature="tearDown()[pri:0, instance:Tests.AboutUsTest@6a84a97d]" started-at="2021-08-09T23:59:14 IST" name="tearDown" finished-at="2021-08-09T23:59:15 IST" duration-ms="750" status="PASS">
          <reporter-output>
          </reporter-output>
        </test-method> <!-- tearDown -->
      </class> <!-- Tests.AboutUsTest -->
    </test> <!-- Default test -->
  </suite> <!-- Default suite -->
</testng-results>
