<?xml version="1.0" encoding="UTF-8"?>
<testng-results ignored="0" total="1" passed="1" failed="0" skipped="0">
  <reporter-output>
  </reporter-output>
  <suite started-at="2021-07-25T15:53:47 IST" name="Default suite" finished-at="2021-07-25T15:54:10 IST" duration-ms="23104">
    <groups>
    </groups>
    <test started-at="2021-07-25T15:53:47 IST" name="Default test" finished-at="2021-07-25T15:54:10 IST" duration-ms="23104">
      <class name="Browserr.ScreenshotFirstTest">
        <test-method signature="signup()[pri:0, instance:Browserr.ScreenshotFirstTest@778d1062]" started-at="2021-07-25T15:53:47 IST" name="signup" finished-at="2021-07-25T15:54:10 IST" duration-ms="23069" status="PASS">
          <reporter-output>
          </reporter-output>
        </test-method> <!-- signup -->
      </class> <!-- Browserr.ScreenshotFirstTest -->
    </test> <!-- Default test -->
  </suite> <!-- Default suite -->
</testng-results>
