<?xml version="1.0" encoding="UTF-8"?>
<!-- Generated by org.testng.reporters.JUnitXMLReporter -->
<testsuite ignored="0" hostname="MD-5Q0H9F2" failures="0" tests="3" name="Default test" time="37.112" errors="0" timestamp="2021-07-09T00:38:21 IST">
  <testcase classname="com.crm.qa.testcases.HomePageTest" name="verifyHomepagetitletest" time="0.013"/>
  <testcase classname="com.crm.qa.testcases.HomePageTest" name="verifyusernametest" time="1.816"/>
  <testcase classname="com.crm.qa.testcases.HomePageTest" name="verifyContactsTest" time="2.032"/>
</testsuite> <!-- Default test -->
