<?xml version="1.0" encoding="UTF-8"?>
<!-- Generated by org.testng.reporters.JUnitXMLReporter -->
<testsuite ignored="0" hostname="MD-5Q0H9F2" failures="0" tests="3" name="Default test" time="43.143" errors="0" timestamp="2021-07-12T01:30:55 IST">
  <testcase classname="com.counter.qa.testcases.HamburgerTest" name="verifyClickOnAnyActivity" time="0.828"/>
  <testcase classname="com.counter.qa.testcases.HamburgerTest" name="verifyClickOnCrossButton" time="3.34"/>
  <testcase classname="com.counter.qa.testcases.HamburgerTest" name="verifyClickOnHamburgerIcon" time="3.072"/>
</testsuite> <!-- Default test -->
